make all --print-data-base --no-builtin-variables --no-builtin-rules --question
# GNU Make 4.3
# Built for x86_64-pc-linux-gnu
# Copyright (C) 1988-2020 Free Software Foundation, Inc.
# License GPLv3+: GNU GPL version 3 or later <http://gnu.org/licenses/gpl.html>
# This is free software: you are free to change and redistribute it.
# There is NO WARRANTY, to the extent permitted by law.

# Make data base, printed on Wed Aug 17 14:09:58 2022

# Variables

# environment
GDK_BACKEND = x11
# environment
LC_ALL = C
# environment
VSCODE_CWD = /home/ryan
# environment
GDM_LANG = en_US
# default
MAKE_COMMAND := make
# environment
QT_ACCESSIBILITY = 1
# automatic
@D = $(patsubst %/,%,$(dir $@))
# environment
VSCODE_HANDLES_UNCAUGHT_ERRORS = true
# default
.VARIABLES := 
# environment
PWD = /home/ryan/Documents/Coding/OpenCiv
# automatic
%D = $(patsubst %/,%,$(dir $%))
# environment
XDG_DATA_DIRS = /usr/share/xubuntu:/usr/share/xfce4:/usr/local/share:/usr/share:/var/lib/snapd/desktop:/usr/share
# automatic
^D = $(patsubst %/,%,$(dir $^))
# automatic
%F = $(notdir $%)
# environment
VSCODE_CODE_CACHE_PATH = /home/ryan/.config/Code/CachedData/6d9b74a70ca9c7733b29f0456fd8195364076dda
# environment
XDG_SESSION_PATH = /org/freedesktop/DisplayManager/Session0
# environment
LANG = C
# environment
XAUTHORITY = /home/ryan/.Xauthority
# default
.LOADED := 
# default
.INCLUDE_DIRS = /usr/local/include /usr/include /usr/include
# makefile
MAKEFLAGS = pqrR
# makefile
CURDIR := /home/ryan/Documents/Coding/OpenCiv
# environment
APPLICATION_INSIGHTS_NO_DIAGNOSTIC_CHANNEL = true
# environment
LESSOPEN = | /usr/bin/lesspipe %s
# makefile (from 'Makefile', line 17)
SRCS = $(call rwildcard, OpenCiv/,*.cpp)
# automatic
*D = $(patsubst %/,%,$(dir $*))
# environment
MFLAGS = -pqrR
# environment
SSH_AUTH_SOCK = /run/user/1000/keyring/ssh
# default
.SHELLFLAGS := -c
# environment
XDG_CONFIG_DIRS = /etc/xdg/xdg-xubuntu:/etc/xdg:/etc/xdg
# automatic
+D = $(patsubst %/,%,$(dir $+))
# environment
XDG_SESSION_DESKTOP = xubuntu
# makefile (from 'Makefile', line 1)
MAKEFILE_LIST := Makefile
# automatic
@F = $(notdir $@)
# environment
VSCODE_PID = 57342
# environment
XDG_SESSION_TYPE = x11
# automatic
?D = $(patsubst %/,%,$(dir $?))
# environment
CLUTTER_BACKEND = x11
# environment
SESSION_MANAGER = local/RLaptop:@/tmp/.ICE-unix/1071,unix/RLaptop:/tmp/.ICE-unix/1071
# automatic
*F = $(notdir $*)
# environment
QT_QPA_PLATFORMTHEME = gtk2
# environment
CHROME_DESKTOP = code-url-handler.desktop
# environment
DBUS_SESSION_BUS_ADDRESS = unix:path=/run/user/1000/bus
# automatic
<D = $(patsubst %/,%,$(dir $<))
# environment
VSCODE_NLS_CONFIG = {"locale":"en-us","availableLanguages":{},"_languagePackSupport":true}
# default
MAKE_HOST := x86_64-pc-linux-gnu
# makefile
SHELL = /bin/sh
# default
MAKECMDGOALS := all
# environment
XMODIFIERS = @im=ibus
# environment
SHLVL = 0
# environment
MAKELEVEL := 0
# default
MAKE = $(MAKE_COMMAND)
# environment
PATH = /home/ryan/.local/bin:/home/ryan/.local/bin:/usr/local/sbin:/usr/local/bin:/usr/sbin:/usr/bin:/sbin:/bin:/usr/games:/usr/local/games:/snap/bin
# default
MAKEFILES := 
# environment
LANGUAGE = en_US
# automatic
^F = $(notdir $^)
# environment
LESSCLOSE = /usr/bin/lesspipe %s %s
# automatic
?F = $(notdir $?)
# environment
XDG_SEAT = seat0
# environment
GTK_IM_MODULE = ibus
# environment
XDG_CURRENT_DESKTOP = XFCE
# environment
LS_COLORS = 
# automatic
+F = $(notdir $+)
# environment
XDG_SEAT_PATH = /org/freedesktop/DisplayManager/Seat0
# environment
DESKTOP_SESSION = xubuntu
# environment
ORIGINAL_XDG_CURRENT_DESKTOP = XFCE
# 'override' directive
GNUMAKEFLAGS := 
# environment
CLUTTER_IM_MODULE = ibus
# environment
LOGNAME = ryan
# environment
XDG_VTNR = 7
# makefile
.DEFAULT_GOAL := all
# environment
DISPLAY = :0.0
# environment
USER = ryan
# default
MAKE_VERSION := 4.3
# makefile (from 'Makefile', line 9)
COMPILER_FLAGS = -w -I .
# environment
_ = /usr/share/code/code
# environment
XDG_RUNTIME_DIR = /run/user/1000
# environment
GPG_AGENT_INFO = /run/user/1000/gnupg/S.gpg-agent:0:1
# environment
GTK_OVERLAY_SCROLLING = 0
# environment
XDG_SESSION_CLASS = user
# environment
VSCODE_AMD_ENTRYPOINT = vs/workbench/api/node/extensionHostProcess
# environment
HOME = /home/ryan
# environment
QT_IM_MODULE = ibus
# environment
ELECTRON_RUN_AS_NODE = 1
# environment
VSCODE_IPC_HOOK = /run/user/1000/vscode-736729ae-1.70.1-main.sock
# environment
XDG_SESSION_ID = c2
# environment
PANEL_GDK_CORE_DEVICE_EVENTS = 0
# default
.RECIPEPREFIX := 
# automatic
<F = $(notdir $<)
# default
SUFFIXES := 
# makefile (from 'Makefile', line 20)
TARGET = main
# environment
XDG_GREETER_DATA_DIR = /var/lib/lightdm-data/ryan
# default
.FEATURES := target-specific order-only second-expansion else-if shortest-stem undefine oneshell nocomment grouped-target extra-prereqs archives jobserver output-sync check-symlink load
# makefile (from 'Makefile', line 2)
CXX = g++
# environment
XDG_MENU_PREFIX = xfce-
# makefile (from 'Makefile', line 10)
LINKER_FLAGS = -g -lSDL2 -lSDL2_image
# environment
GDMSESSION = xubuntu
# makefile (from 'Makefile', line 13)
rwildcard = $(wildcard $1$2) $(foreach d,$(wildcard $1*),$(call rwildcard,$d/,$2))
# variable set hash-table stats:
# Load=98/1024=10%, Rehash=0, Collisions=9/175=5%

# Pattern-specific Variable Values

# No pattern-specific variable values.

# Directories

# OpenCiv/util/FileUtils.cpp (device 2054, inode 2644841): could not be opened.
# OpenCiv/util (device 2054, inode 2644840): 3 files, no impossibilities.
# OpenCiv/main.cpp (device 2054, inode 2646296): could not be opened.
# OpenCiv/texture/LTexture.hpp (device 2054, inode 2622784): could not be opened.
# . (device 2054, inode 2644247): 16 files, no impossibilities.
# OpenCiv/texture/LTexture.cpp (device 2054, inode 2644463): could not be opened.
# OpenCiv/ApplicationWindow.hpp (device 2054, inode 2644798): could not be opened.
# OpenCiv/ApplicationWindow.cpp (device 2054, inode 2644797): could not be opened.
# OpenCiv (device 2054, inode 2646268): 7 files, no impossibilities.
# OpenCiv/texture (device 2054, inode 2645091): 4 files, no impossibilities.

# 30 files, no impossibilities in 10 directories.

# Implicit Rules

# No implicit rules.

# Files

# Not a target:
Makefile:
#  Implicit rule search has been done.
#  Last modified 2022-08-17 14:00:48.794448585
#  File has been updated.
#  Successfully updated.

# Not a target:
OpenCiv/main.cpp:
#  Implicit rule search has been done.
#  Last modified 2022-08-17 14:06:57.822726401
#  File has been updated.
#  Successfully updated.

clean:
#  Phony target (prerequisite of .PHONY).
#  Implicit rule search has not been done.
#  File does not exist.
#  File has not been updated.
#  recipe to execute (from 'Makefile', line 42):
	$(RM) $(wildcard *.o)
	$(RM) main

# Not a target:
ApplicationWindow.o:
#  Implicit rule search has not been done.
#  Modification time never checked.
#  File has not been updated.

# Not a target:
.DEFAULT:
#  Implicit rule search has not been done.
#  Modification time never checked.
#  File has not been updated.

all: main
#  Phony target (prerequisite of .PHONY).
#  Command line target.
#  Implicit rule search has not been done.
#  File does not exist.
#  File has been updated.
#  Needs to be updated (-q is set).
# variable set hash-table stats:
# Load=0/32=0%, Rehash=0, Collisions=0/26=0%

 
# Not a target:
OpenCiv/texture/LTexture.cpp:
#  Implicit rule search has been done.
#  Last modified 2022-08-17 14:09:36.120562582
#  File has been updated.
#  Successfully updated.

link_files: ApplicationWindow.o FileUtils.o LTexture.o main.o
#  Phony target (prerequisite of .PHONY).
#  Implicit rule search has not been done.
#  File does not exist.
#  File has not been updated.
#  recipe to execute (from 'Makefile', line 30):
	$(CXX) $(wildcard *.o) $(LINKER_FLAGS) -o $(TARGET)

main: OpenCiv/ApplicationWindow.cpp OpenCiv/main.cpp OpenCiv/texture/LTexture.cpp OpenCiv/util/FileUtils.cpp
#  Implicit rule search has not been done.
#  Implicit/static pattern stem: ''
#  File does not exist.
#  File has been updated.
#  Needs to be updated (-q is set).
# automatic
# @ := main
# automatic
# * := 
# automatic
# < := OpenCiv/ApplicationWindow.cpp
# automatic
# + := OpenCiv/ApplicationWindow.cpp OpenCiv/main.cpp OpenCiv/texture/LTexture.cpp OpenCiv/util/FileUtils.cpp
# automatic
# % := 
# automatic
# ^ := OpenCiv/ApplicationWindow.cpp OpenCiv/main.cpp OpenCiv/texture/LTexture.cpp OpenCiv/util/FileUtils.cpp
# automatic
# ? := OpenCiv/ApplicationWindow.cpp OpenCiv/main.cpp OpenCiv/texture/LTexture.cpp OpenCiv/util/FileUtils.cpp
# automatic
# | := 
# variable set hash-table stats:
# Load=8/32=25%, Rehash=0, Collisions=78/34=229%
#  recipe to execute (from 'Makefile', line 35):
	$(CXX) $(COMPILER_FLAGS) -c $(SRCS)
	$(MAKE) link_files

# Not a target:
OpenCiv/ApplicationWindow.cpp:
#  Implicit rule search has been done.
#  Last modified 2022-08-17 14:01:02.238604338
#  File has been updated.
#  Successfully updated.

# Not a target:
main.o:
#  Implicit rule search has not been done.
#  Modification time never checked.
#  File has not been updated.

# Not a target:
OpenCiv/util/FileUtils.cpp:
#  Implicit rule search has been done.
#  Last modified 2022-08-17 13:49:20.25849134
#  File has been updated.
#  Successfully updated.

# Not a target:
LTexture.o:
#  Implicit rule search has not been done.
#  Modification time never checked.
#  File has not been updated.

# Not a target:
.SUFFIXES:
#  Implicit rule search has not been done.
#  Modification time never checked.
#  File has not been updated.

.PHONY: all link_files clean
#  Implicit rule search has not been done.
#  Modification time never checked.
#  File has not been updated.

# Not a target:
FileUtils.o:
#  Implicit rule search has not been done.
#  Modification time never checked.
#  File has not been updated.

# files hash-table stats:
# Load=16/1024=2%, Rehash=0, Collisions=0/43=0%
# VPATH Search Paths

# No 'vpath' search paths.

# No general ('VPATH' variable) search path.

# strcache buffers: 1 (0) / strings = 41 / storage = 515 B / avg = 12 B
# current buf: size = 8162 B / used = 515 B / count = 41 / avg = 12 B

# strcache performance: lookups = 71 / hit rate = 42%
# hash-table stats:
# Load=41/8192=1%, Rehash=0, Collisions=0/71=0%
# Finished Make data base on Wed Aug 17 14:10:00 2022

 
